<?xml version='1.0' encoding='UTF-8'?>
<testsuite hostname="Lucass-MacBook-Pro.local" name="services.scalable.database.DatomSpec" tests="1" errors="0" failures="0" skipped="0" time="3336.88" timestamp="2021-11-20T22:18:50">
          <properties>
[...]
</properties>
          <testcase classname="services.scalable.database.DatomSpec" name="index data must be equal to test data" time="3336.88">
                      
                    </testcase>
          <system-out><![CDATA[]]></system-out>
          <system-err><![CDATA[]]></system-err>
        </testsuite>